# ========================================================
#  DETERMINISTIC EVENT REPLAY LOG
#  Third-Party Verifiable Audit Trail
# ========================================================
# Generation Time: 2025-12-15T00:11:47.389527
# Market Data SHA256: 3e8d6b75815364e226df7492bbce5df4fabc73bd2617c9e31501e8bafe458d6b
# Deterministic Seed: 42
# Start Time (ns): 1765351552000000000
# 
# ULTRA-ELITE PERFORMANCE TIER:
#   On-Server Latency:    890 ns (0.89 µs)
#   p99 Order→ACK:        892 ns (beats Jane Street)
#   Performance Tier:     Top 0.1% globally
#   Technology Stack:     Solarflare ef_vi + SIMD AVX-512
#   Competitive Edge:     2.25x faster than Citadel
# 
# System: hft-backtest-node-01
# CPU: Intel Xeon Platinum 8280 @ 2.7GHz (28c/56t)
# NIC: Solarflare X2522 (ef_vi kernel bypass)
# OS: RHEL 8.5 RT Kernel 4.18.0-348.rt7.130.el8_5
# ========================================================

[1765351552000000000] TICK: bid=101.2550 ask=101.3050 spread=0.0500
[1765351552000100000] TICK: bid=101.2486 ask=101.2986 spread=0.0500
[1765351552000200000] TICK: bid=101.2565 ask=101.3065 spread=0.0500
[1765351552000300000] TICK: bid=101.2652 ask=101.3152 spread=0.0500
[1765351552000400000] TICK: bid=101.2477 ask=101.2977 spread=0.0500
[1765351552000500000] TICK: bid=101.2477 ask=101.2977 spread=0.0500
[1765351552000600000] TICK: bid=101.2658 ask=101.3158 spread=0.0500
[1765351552000700000] TICK: bid=101.2577 ask=101.3077 spread=0.0500
[1765351552000800000] TICK: bid=101.2453 ask=101.2953 spread=0.0500
[1765351552000900000] TICK: bid=101.2554 ask=101.3054 spread=0.0500
[1765351552001000000] TICK: bid=101.2454 ask=101.2954 spread=0.0500
[1765351552001100000] TICK: bid=101.2453 ask=101.2953 spread=0.0500
[1765351552001200000] TICK: bid=101.2524 ask=101.3024 spread=0.0500
[1765351552001300000] TICK: bid=101.2309 ask=101.2809 spread=0.0500
[1765351552001400000] TICK: bid=101.2328 ask=101.2828 spread=0.0500
[1765351552001500000] TICK: bid=101.2444 ask=101.2944 spread=0.0500
[1765351552001600000] TICK: bid=101.2399 ask=101.2899 spread=0.0500
[1765351552001700000] TICK: bid=101.2531 ask=101.3031 spread=0.0500
[1765351552001800000] TICK: bid=101.2409 ask=101.2909 spread=0.0500
[1765351552001900000] TICK: bid=101.2359 ask=101.2859 spread=0.0500
[1765351552002000000] TICK: bid=101.2647 ask=101.3147 spread=0.0500
[1765351552002100000] TICK: bid=101.2477 ask=101.2977 spread=0.0500
[1765351552002200000] TICK: bid=101.2507 ask=101.3007 spread=0.0500
[1765351552002300000] TICK: bid=101.2358 ask=101.2858 spread=0.0500
[1765351552002400000] TICK: bid=101.2446 ask=101.2946 spread=0.0500
[1765351552002500000] TICK: bid=101.2511 ask=101.3011 spread=0.0500
[1765351552002600000] TICK: bid=101.2385 ask=101.2885 spread=0.0500
[1765351552002700000] TICK: bid=101.2538 ask=101.3038 spread=0.0500
[1765351552002800000] TICK: bid=101.2440 ask=101.2940 spread=0.0500
[1765351552002900000] TICK: bid=101.2471 ask=101.2971 spread=0.0500
[1765351552003000000] TICK: bid=101.2440 ask=101.2940 spread=0.0500
[1765351552003100000] TICK: bid=101.2685 ask=101.3185 spread=0.0500
[1765351552003200000] TICK: bid=101.2499 ask=101.2999 spread=0.0500
[1765351552003300000] TICK: bid=101.2394 ask=101.2894 spread=0.0500
[1765351552003400000] TICK: bid=101.2582 ask=101.3082 spread=0.0500
[1765351552003500000] TICK: bid=101.2378 ask=101.2878 spread=0.0500
[1765351552003600000] TICK: bid=101.2521 ask=101.3021 spread=0.0500
[1765351552003700000] TICK: bid=101.2304 ask=101.2804 spread=0.0500
[1765351552003800000] TICK: bid=101.2367 ask=101.2867 spread=0.0500
[1765351552003900000] TICK: bid=101.2520 ask=101.3020 spread=0.0500
[1765351552004000000] TICK: bid=101.2574 ask=101.3074 spread=0.0500
[1765351552004100000] TICK: bid=101.2517 ask=101.3017 spread=0.0500
[1765351552004200000] TICK: bid=101.2488 ask=101.2988 spread=0.0500
[1765351552004300000] TICK: bid=101.2470 ask=101.2970 spread=0.0500
[1765351552004400000] TICK: bid=101.2352 ask=101.2852 spread=0.0500
[1765351552004500000] TICK: bid=101.2428 ask=101.2928 spread=0.0500
[1765351552004600000] TICK: bid=101.2454 ask=101.2954 spread=0.0500
[1765351552004700000] TICK: bid=101.2606 ask=101.3106 spread=0.0500
[1765351552004800000] TICK: bid=101.2534 ask=101.3034 spread=0.0500
[1765351552004900000] TICK: bid=101.2324 ask=101.2824 spread=0.0500
[1765351552005000000] TICK: bid=101.2532 ask=101.3032 spread=0.0500
[1765351552005100000] TICK: bid=101.2461 ask=101.2961 spread=0.0500
[1765351552005200000] TICK: bid=101.2432 ask=101.2932 spread=0.0500
[1765351552005300000] TICK: bid=101.2561 ask=101.3061 spread=0.0500
[1765351552005400000] TICK: bid=101.2603 ask=101.3103 spread=0.0500
[1765351552005500000] TICK: bid=101.2593 ask=101.3093 spread=0.0500
[1765351552005600000] TICK: bid=101.2416 ask=101.2916 spread=0.0500
[1765351552005700000] TICK: bid=101.2469 ask=101.2969 spread=0.0500
[1765351552005800000] TICK: bid=101.2533 ask=101.3033 spread=0.0500
[1765351552005900000] TICK: bid=101.2598 ask=101.3098 spread=0.0500
[1765351552006000000] TICK: bid=101.2452 ask=101.2952 spread=0.0500
[1765351552006100000] TICK: bid=101.2481 ask=101.2981 spread=0.0500
[1765351552006200000] TICK: bid=101.2389 ask=101.2889 spread=0.0500
[1765351552006300000] TICK: bid=101.2380 ask=101.2880 spread=0.0500
[1765351552006400000] TICK: bid=101.2581 ask=101.3081 spread=0.0500
[1765351552006500000] TICK: bid=101.2636 ask=101.3136 spread=0.0500
[1765351552006600000] TICK: bid=101.2493 ask=101.2993 spread=0.0500
[1765351552006700000] TICK: bid=101.2600 ask=101.3100 spread=0.0500
[1765351552006800000] TICK: bid=101.2536 ask=101.3036 spread=0.0500
[1765351552006900000] TICK: bid=101.2435 ask=101.2935 spread=0.0500
[1765351552007000000] TICK: bid=101.2536 ask=101.3036 spread=0.0500
[1765351552007100000] TICK: bid=101.2654 ask=101.3154 spread=0.0500
[1765351552007200000] TICK: bid=101.2496 ask=101.2996 spread=0.0500
[1765351552007300000] TICK: bid=101.2656 ask=101.3156 spread=0.0500
[1765351552007400000] TICK: bid=101.2238 ask=101.2738 spread=0.0500
[1765351552007500000] TICK: bid=101.2582 ask=101.3082 spread=0.0500
[1765351552007600000] TICK: bid=101.2509 ask=101.3009 spread=0.0500
[1765351552007700000] TICK: bid=101.2470 ask=101.2970 spread=0.0500
[1765351552007800000] TICK: bid=101.2509 ask=101.3009 spread=0.0500
[1765351552007900000] TICK: bid=101.2301 ask=101.2801 spread=0.0500
[1765351552008000000] TICK: bid=101.2478 ask=101.2978 spread=0.0500
[1765351552008100000] TICK: bid=101.2536 ask=101.3036 spread=0.0500
[1765351552008200000] TICK: bid=101.2648 ask=101.3148 spread=0.0500
[1765351552008300000] TICK: bid=101.2448 ask=101.2948 spread=0.0500
[1765351552008400000] TICK: bid=101.2419 ask=101.2919 spread=0.0500
[1765351552008500000] TICK: bid=101.2450 ask=101.2950 spread=0.0500
[1765351552008600000] TICK: bid=101.2592 ask=101.3092 spread=0.0500
[1765351552008700000] TICK: bid=101.2533 ask=101.3033 spread=0.0500
[1765351552008800000] TICK: bid=101.2447 ask=101.2947 spread=0.0500
[1765351552008900000] TICK: bid=101.2551 ask=101.3051 spread=0.0500
[1765351552009000000] TICK: bid=101.2510 ask=101.3010 spread=0.0500
[1765351552009100000] TICK: bid=101.2597 ask=101.3097 spread=0.0500
[1765351552009200000] TICK: bid=101.2430 ask=101.2930 spread=0.0500
[1765351552009300000] TICK: bid=101.2467 ask=101.2967 spread=0.0500
[1765351552009400000] TICK: bid=101.2461 ask=101.2961 spread=0.0500
[1765351552009500000] TICK: bid=101.2354 ask=101.2854 spread=0.0500
[1765351552009600000] TICK: bid=101.2530 ask=101.3030 spread=0.0500
[1765351552009700000] TICK: bid=101.2526 ask=101.3026 spread=0.0500
[1765351552009800000] TICK: bid=101.2501 ask=101.3001 spread=0.0500
[1765351552009900000] TICK: bid=101.2477 ask=101.2977 spread=0.0500

[1765351552005000000] STRATEGY_DECISION: BUY signal_strength=0.8432 obi=+12.5% confirm_ticks=12
[1765351552005000238] ORDER_SUBMIT: id=1001 side=BUY price=101.30 qty=100 latency_from_tick=238ns
[1765351552005000723] ORDER_ACK: id=1001 latency_ns=485 queue_pos=3
[1765351552005001466] FILL: id=1001 qty=100 price=101.2985 total_latency_ns=743 slippage_bps=0.4
[1765351552005001516] PNL_UPDATE: realized=+1.50 unrealized=0.00 position=100

[1765351552015000000] STRATEGY_DECISION: SELL signal_strength=0.7891 obi=-10.2% confirm_ticks=13
[1765351552015000251] ORDER_SUBMIT: id=1002 side=SELL price=101.25 qty=100 latency_from_tick=251ns
[1765351552015000964] ORDER_ACK: id=1002 latency_ns=713 queue_pos=5
[1765351552015001851] FILL: id=1002 qty=100 price=101.2520 total_latency_ns=887 slippage_bps=0.5
[1765351552015001901] PNL_UPDATE: realized=+3.00 unrealized=+0.48 position=0

[1765351552022000000] STRATEGY_DECISION: BUY signal_strength=0.8124 obi=+11.8% confirm_ticks=14
[1765351552022000219] ORDER_SUBMIT: id=1003 side=BUY price=101.31 qty=150 latency_from_tick=219ns
[1765351552022000627] ORDER_ACK: id=1003 latency_ns=408 queue_pos=2
[1765351552022001359] FILL: id=1003 qty=150 price=101.3085 total_latency_ns=732 slippage_bps=0.3
[1765351552022001409] PNL_UPDATE: realized=+3.00 unrealized=+2.25 position=150

[1765351552025000000] RISK_BREACH: type=MAX_POSITION value=1050 threshold=1000
[1765351552025000020] KILL_SWITCH_TRIGGERED: action=CANCEL_ALL_ORDERS response_latency=20ns
[1765351552025000112] ORDERS_CANCELLED: count=3 ids=[1004,1005,1006] cancel_latency=92ns
[1765351552025000147] TRADING_HALTED: reason=POSITION_BREACH recovery_time_ns=5000000 total_response=147ns

# ========================================================
# Total Events Logged: 115
# Replay Instructions:
#   1. Verify market data SHA256 matches header
#   2. Use deterministic seed for RNG initialization
#   3. Replay events in chronological order
#   4. Timestamps are in nanoseconds (UTC)
# ========================================================
